2021-05-29 10:07:23,108 ERROR xml_path param is None or empty, please check it.
2021-05-29 10:07:23,109 ERROR options:
id = 0
logconfig = D:/Work/SourceCode/owner-source/image-check\etc\change_xml_path.log.conf
xml_path = None
output_path = D:/Work/SourceCode/owner-source/image-check\var\output
2021-05-29 10:09:22,341 INFO 开始处理 D:\Work\SourceCode\owner-source\image-check\test_data\20210529\xml_labels 标注文件
2021-05-29 10:09:22,348 INFO 99000843022395_20200107094904-asdasdafadsfa.jpg
2021-05-29 10:09:22,348 INFO 99000843022395_20200107144904.jpg
2021-05-29 10:09:22,348 INFO /home/nfs/example/data/Demo-shudianxianlu/images/99000843022395_20200107094904-asdasdafadsfa.jpg
2021-05-29 10:09:22,349 INFO 99000843022395_20200108084903_res.jpg
2021-05-29 10:09:22,349 INFO /home/nfs/example/data/Demo-shudianxianlu/images/99000843022395_20200107144904.jpg
2021-05-29 10:09:22,349 INFO /home/nfs/example/data/Demo-shudianxianlu/images/99000843022395_20200108084903_res.jpg
2021-05-29 10:09:22,349 INFO 99000843022395_20200108094904.jpg
2021-05-29 10:09:22,350 INFO 99000843023125_20200104095604.jpg
2021-05-29 10:09:22,350 INFO 99000843022395_20200108134904_res.jpg
2021-05-29 10:09:22,350 INFO 99000843023125_20200104085604.jpg
2021-05-29 10:09:22,350 INFO 99000843022395_20200109094904_res.jpg
2021-05-29 10:09:22,350 INFO /home/nfs/example/data/Demo-shudianxianlu/images/99000843022395_20200108094904.jpg
2021-05-29 10:09:22,351 INFO /home/nfs/example/data/Demo-shudianxianlu/images/99000843023125_20200104095604.jpg
2021-05-29 10:09:22,351 INFO /home/nfs/example/data/Demo-shudianxianlu/images/99000843022395_20200108134904_res.jpg
2021-05-29 10:09:22,351 INFO /home/nfs/example/data/Demo-shudianxianlu/images/99000843023125_20200104085604.jpg
2021-05-29 10:09:22,351 INFO /home/nfs/example/data/Demo-shudianxianlu/images/99000843022395_20200109094904_res.jpg
2021-05-29 10:09:22,354 INFO 99000843023252_20200108175204.jpg
2021-05-29 10:09:22,354 INFO /home/nfs/example/data/Demo-shudianxianlu/images/99000843023252_20200108175204.jpg
2021-05-29 10:09:22,356 INFO 99000843023781_20200101130002.jpg
2021-05-29 10:09:22,357 INFO /home/nfs/example/data/Demo-shudianxianlu/images/99000843023781_20200101130002.jpg
2021-05-29 10:09:22,359 INFO 99000843023781_20200101150002.jpg
2021-05-29 10:09:22,360 INFO /home/nfs/example/data/Demo-shudianxianlu/images/99000843023781_20200101150002.jpg
2021-05-29 10:09:22,364 INFO 99000843023781_20200103140003.jpg
2021-05-29 10:09:22,364 INFO /home/nfs/example/data/Demo-shudianxianlu/images/99000843023781_20200103140003.jpg
2021-05-29 10:09:22,364 INFO 处理结束
2021-05-29 10:11:32,680 INFO 开始处理 D:\Work\SourceCode\owner-source\image-check\test_data\20210529\xml_labels 标注文件
2021-05-29 10:11:32,725 INFO 99000843022395_20200107144904.jpg
2021-05-29 10:11:32,725 INFO 99000843022395_20200107094904-asdasdafadsfa.jpg
2021-05-29 10:11:32,725 INFO /home/nfs/example/data/Demo-shudianxianlu/images/99000843022395_20200107144904.jpg
2021-05-29 10:11:32,726 INFO 99000843022395_20200108084903_res.jpg
2021-05-29 10:11:32,726 INFO /home/nfs/example/data/Demo-shudianxianlu/images/aaaaa.jpg
2021-05-29 10:11:32,726 INFO 99000843022395_20200108094904.jpg
2021-05-29 10:11:32,726 INFO 99000843022395_20200108134904_res.jpg
2021-05-29 10:11:32,727 INFO /home/nfs/example/data/Demo-shudianxianlu/images/99000843022395_20200108084903_res.jpg
2021-05-29 10:11:32,727 INFO 99000843022395_20200109094904_res.jpg
2021-05-29 10:11:32,727 INFO 99000843023125_20200104095604.jpg
2021-05-29 10:11:32,727 INFO 99000843023125_20200104085604.jpg
2021-05-29 10:11:32,728 INFO /home/nfs/example/data/Demo-shudianxianlu/images/99000843022395_20200108094904.jpg
2021-05-29 10:11:32,728 INFO /home/nfs/example/data/Demo-shudianxianlu/images/99000843022395_20200108134904_res.jpg
2021-05-29 10:11:32,728 INFO /home/nfs/example/data/Demo-shudianxianlu/images/99000843022395_20200109094904_res.jpg
2021-05-29 10:11:32,728 INFO /home/nfs/example/data/Demo-shudianxianlu/images/99000843023125_20200104095604.jpg
2021-05-29 10:11:32,728 INFO /home/nfs/example/data/Demo-shudianxianlu/images/99000843023125_20200104085604.jpg
2021-05-29 10:11:32,731 INFO 99000843023252_20200108175204.jpg
2021-05-29 10:11:32,731 INFO /home/nfs/example/data/Demo-shudianxianlu/images/99000843023252_20200108175204.jpg
2021-05-29 10:11:32,734 INFO 99000843023781_20200101130002.jpg
2021-05-29 10:11:32,734 INFO /home/nfs/example/data/Demo-shudianxianlu/images/99000843023781_20200101130002.jpg
2021-05-29 10:11:32,737 INFO 99000843023781_20200101150002.jpg
2021-05-29 10:11:32,737 INFO /home/nfs/example/data/Demo-shudianxianlu/images/99000843023781_20200101150002.jpg
2021-05-29 10:11:32,739 INFO 99000843023781_20200103140003.jpg
2021-05-29 10:11:32,739 INFO /home/nfs/example/data/Demo-shudianxianlu/images/99000843023781_20200103140003.jpg
2021-05-29 10:11:32,739 INFO 处理结束
2021-05-29 10:15:46,928 INFO 开始处理 D:\Work\SourceCode\owner-source\image-check\test_data\20210529\xml_labels 标注文件
2021-05-29 10:15:46,933 INFO 99000843022395_20200107094904-asdasdafadsfa.jpg
2021-05-29 10:15:46,934 INFO /home/nfs/example/data/Demo-shudianxianlu/images/aaaaa.jpg
2021-05-29 10:15:46,934 INFO 99000843022395_20200108084903_res.jpg
2021-05-29 10:15:46,934 INFO 99000843022395_20200107144904.jpg
2021-05-29 10:15:46,934 INFO 99000843022395_20200108134904_res.jpg
2021-05-29 10:15:46,935 INFO 99000843022395_20200108094904.jpg
2021-05-29 10:15:46,935 INFO /home/nfs/example/data/Demo-shudianxianlu/images/99000843022395_20200108084903_res.jpg
2021-05-29 10:15:46,935 INFO /home/nfs/example/data/Demo-shudianxianlu/images/99000843022395_20200107144904.jpg
2021-05-29 10:15:46,935 INFO 99000843023125_20200104085604.jpg
2021-05-29 10:15:46,936 INFO 99000843022395_20200109094904_res.jpg
2021-05-29 10:15:46,936 INFO /home/nfs/example/data/Demo-shudianxianlu/images/99000843022395_20200108134904_res.jpg
2021-05-29 10:15:46,936 INFO 99000843023125_20200104095604.jpg
2021-05-29 10:15:46,936 INFO /home/nfs/example/data/Demo-shudianxianlu/images/99000843022395_20200108094904.jpg
2021-05-29 10:15:46,936 INFO /home/nfs/example/data/Demo-shudianxianlu/images/99000843023125_20200104085604.jpg
2021-05-29 10:15:46,937 INFO /home/nfs/example/data/Demo-shudianxianlu/images/99000843022395_20200109094904_res.jpg
2021-05-29 10:15:46,937 INFO /home/nfs/example/data/Demo-shudianxianlu/images/99000843023125_20200104095604.jpg
2021-05-29 10:15:46,944 INFO 99000843023252_20200108175204.jpg
2021-05-29 10:15:46,944 INFO /home/nfs/example/data/Demo-shudianxianlu/images/99000843023252_20200108175204.jpg
2021-05-29 10:15:46,947 INFO 99000843023781_20200101130002.jpg
2021-05-29 10:15:46,947 INFO /home/nfs/example/data/Demo-shudianxianlu/images/99000843023781_20200101130002.jpg
2021-05-29 10:15:46,951 INFO 99000843023781_20200101150002.jpg
2021-05-29 10:15:46,951 INFO /home/nfs/example/data/Demo-shudianxianlu/images/99000843023781_20200101150002.jpg
2021-05-29 10:15:46,956 INFO 99000843023781_20200103140003.jpg
2021-05-29 10:15:46,956 INFO /home/nfs/example/data/Demo-shudianxianlu/images/99000843023781_20200103140003.jpg
2021-05-29 10:15:46,958 INFO 处理结束
2021-05-29 10:22:17,069 INFO 开始处理 D:\Work\SourceCode\owner-source\image-check\test_data\20210529\xml_labels 标注文件
2021-05-29 10:22:17,076 INFO 99000843022395_20200107094904-asdasdafadsfa.jpg
2021-05-29 10:22:17,077 INFO /home/nfs/example/data/Demo-shudianxianlu/images/aaaaa.jpg
2021-05-29 10:22:17,077 INFO 99000843022395_20200107144904.jpg
2021-05-29 10:22:17,077 INFO /home/nfs/example/data/Demo-shudianxianlu/images/99000843022395_20200107144904.jpg
2021-05-29 10:22:17,078 INFO 99000843022395_20200108084903_res.jpg
2021-05-29 10:22:17,078 INFO /home/nfs/example/data/Demo-shudianxianlu/images/99000843022395_20200108084903_res.jpg
2021-05-29 10:22:17,079 INFO 99000843022395_20200108094904.jpg
2021-05-29 10:22:17,079 INFO 99000843022395_20200108134904_res.jpg
2021-05-29 10:22:17,079 INFO 99000843022395_20200109094904_res.jpg
2021-05-29 10:22:17,079 INFO 99000843023125_20200104095604.jpg
2021-05-29 10:22:17,080 INFO /home/nfs/example/data/Demo-shudianxianlu/images/99000843022395_20200108094904.jpg
2021-05-29 10:22:17,080 INFO 99000843023125_20200104085604.jpg
2021-05-29 10:22:17,081 INFO /home/nfs/example/data/Demo-shudianxianlu/images/99000843022395_20200108134904_res.jpg
2021-05-29 10:22:17,081 INFO /home/nfs/example/data/Demo-shudianxianlu/images/99000843022395_20200109094904_res.jpg
2021-05-29 10:22:17,081 INFO /home/nfs/example/data/Demo-shudianxianlu/images/99000843023125_20200104095604.jpg
2021-05-29 10:22:17,081 INFO /home/nfs/example/data/Demo-shudianxianlu/images/99000843023125_20200104085604.jpg
2021-05-29 10:22:17,087 INFO 99000843023252_20200108175204.jpg
2021-05-29 10:22:17,087 INFO /home/nfs/example/data/Demo-shudianxianlu/images/99000843023252_20200108175204.jpg
2021-05-29 10:22:17,091 INFO 99000843023781_20200101130002.jpg
2021-05-29 10:22:17,091 INFO /home/nfs/example/data/Demo-shudianxianlu/images/99000843023781_20200101130002.jpg
2021-05-29 10:22:17,096 INFO 99000843023781_20200101150002.jpg
2021-05-29 10:22:17,096 INFO /home/nfs/example/data/Demo-shudianxianlu/images/99000843023781_20200101150002.jpg
2021-05-29 10:22:17,101 INFO 99000843023781_20200103140003.jpg
2021-05-29 10:22:17,101 INFO /home/nfs/example/data/Demo-shudianxianlu/images/99000843023781_20200103140003.jpg
2021-05-29 10:22:17,104 INFO 处理结束
2021-05-29 10:22:52,865 INFO 开始处理 D:\Work\SourceCode\owner-source\image-check\test_data\20210529\xml_labels 标注文件
2021-05-29 10:22:52,871 INFO 99000843022395_20200107144904.jpg
2021-05-29 10:22:52,871 INFO /home/nfs/example/data/Demo-shudianxianlu/images/99000843022395_20200107144904.jpg
2021-05-29 10:22:52,871 INFO 99000843022395_20200107094904-asdasdafadsfa.jpg
2021-05-29 10:22:52,871 INFO 99000843022395_20200108084903_res.jpg
2021-05-29 10:22:52,872 INFO 99000843022395_20200108094904.jpg
2021-05-29 10:22:52,872 INFO /home/nfs/example/data/Demo-shudianxianlu/images/aaaaa.jpg
2021-05-29 10:22:52,872 INFO 99000843022395_20200109094904_res.jpg
2021-05-29 10:22:52,872 INFO 99000843022395_20200108134904_res.jpg
2021-05-29 10:22:52,872 INFO /home/nfs/example/data/Demo-shudianxianlu/images/99000843022395_20200108084903_res.jpg
2021-05-29 10:22:52,873 INFO /home/nfs/example/data/Demo-shudianxianlu/images/99000843022395_20200108094904.jpg
2021-05-29 10:22:52,873 INFO 99000843023125_20200104085604.jpg
2021-05-29 10:22:52,873 INFO 99000843023125_20200104095604.jpg
2021-05-29 10:22:52,874 INFO /home/nfs/example/data/Demo-shudianxianlu/images/99000843022395_20200109094904_res.jpg
2021-05-29 10:22:52,874 INFO /home/nfs/example/data/Demo-shudianxianlu/images/99000843022395_20200108134904_res.jpg
2021-05-29 10:22:52,875 INFO /home/nfs/example/data/Demo-shudianxianlu/images/99000843023125_20200104085604.jpg
2021-05-29 10:22:52,875 INFO /home/nfs/example/data/Demo-shudianxianlu/images/99000843023125_20200104095604.jpg
2021-05-29 10:22:52,881 INFO 99000843023252_20200108175204.jpg
2021-05-29 10:22:52,881 INFO /home/nfs/example/data/Demo-shudianxianlu/images/99000843023252_20200108175204.jpg
2021-05-29 10:22:52,885 INFO 99000843023781_20200101130002.jpg
2021-05-29 10:22:52,885 INFO /home/nfs/example/data/Demo-shudianxianlu/images/99000843023781_20200101130002.jpg
2021-05-29 10:22:52,889 INFO 99000843023781_20200101150002.jpg
2021-05-29 10:22:52,889 INFO /home/nfs/example/data/Demo-shudianxianlu/images/99000843023781_20200101150002.jpg
2021-05-29 10:22:52,894 INFO 99000843023781_20200103140003.jpg
2021-05-29 10:22:52,894 INFO /home/nfs/example/data/Demo-shudianxianlu/images/99000843023781_20200103140003.jpg
2021-05-29 10:22:52,896 INFO 处理结束
